<?xml version="1.0" encoding="UTF-8" ?>
<testsuite errors="1" failures="1" hostname="Asus" name="enigma.PlugBoardTest" skipped="0" tests="2" time="0.08" timestamp="2017-11-09T20:41:43">
  <properties>
[...]
</properties>
  <testcase classname="enigma.PlugBoardTest" name="testEncode" time="0.011">
    <error type="java.lang.NullPointerException">java.lang.NullPointerException
	at enigma.PlugBoard.encode(PlugBoard.java:35)
	at enigma.PlugBoardTest.testEncode(PlugBoardTest.java:65)
</error>
  </testcase>
  <testcase classname="enigma.PlugBoardTest" name="testTranslate" time="0.002">
    <failure message="expected:&lt;71&gt; but was:&lt;68&gt;" type="junit.framework.AssertionFailedError">junit.framework.AssertionFailedError: expected:&lt;71&gt; but was:&lt;68&gt;
	at enigma.PlugBoardTest.testTranslate(PlugBoardTest.java:54)
</failure>
  </testcase>
  <system-out><![CDATA[encode
translate
]]></system-out>
  <system-err><![CDATA[]]></system-err>
</testsuite>
